1625509969418	geckodriver	INFO	Listening on 127.0.0.1:60740
1625509970299	mozrunner::runner	INFO	Running command: "/Applications/Firefox.app/Contents/MacOS/firefox-bin" "--marionette" "-headless" "-foreground" "-no-remote" "-profile" "/var/folders/wq/b328wy_d0fn5gkq1ydz67kvm0000gn/T/rust_mozprofile9NciHI"
*** You are running in headless mode.
1625509970951	Marionette	INFO	Marionette enabled
console.warn: SearchSettings: "get: No settings file exists, new profile?" (new Error("", "(unknown module)"))
1625509973166	Marionette	INFO	Listening on port 60747
1625509973274	Marionette	WARN	TLS certificate errors will be ignored for this session
JavaScript warning: https://www.amazon.in/s?k=smartphone&i=electronics&rh=n%3A1805560031%2Cp_72%3A1318478031%2Cp_6%3AA14CZOWI0VEHLG%2Cp_n_availability%3A1318485031&dc&qid=1621496958&rnid=3837712031&ref=sr_nr_p_89_1 line 6 > injectedScript, line 1: Failed to create WebGL context: WebGL creation failed: 
* Can't use WebGL in headless mode (https://bugzil.la/1375585).
JavaScript warning: https://www.amazon.in/s?k=smartphone&i=electronics&rh=n%3A1805560031%2Cp_72%3A1318478031%2Cp_6%3AA14CZOWI0VEHLG%2Cp_n_availability%3A1318485031&dc&qid=1621496958&rnid=3837712031&ref=sr_nr_p_89_1 line 6 > injectedScript, line 1: Failed to create WebGL context: WebGL creation failed: 
* Can't use WebGL in headless mode (https://bugzil.la/1375585).
1625894121141	geckodriver	INFO	Listening on 127.0.0.1:59949
1625894121607	mozrunner::runner	INFO	Running command: "/Applications/Firefox.app/Contents/MacOS/firefox-bin" "--marionette" "-headless" "-foreground" "-no-remote" "-profile" "/var/folders/wq/b328wy_d0fn5gkq1ydz67kvm0000gn/T/rust_mozprofileiDMC4F"
*** You are running in headless mode.
1625894122237	Marionette	INFO	Marionette enabled
console.warn: SearchSettings: "get: No settings file exists, new profile?" (new Error("", "(unknown module)"))
1625894124818	Marionette	INFO	Listening on port 59958
1625894124860	Marionette	WARN	TLS certificate errors will be ignored for this session
JavaScript warning: https://www.amazon.in/s?i=electronics&bbn=1388921031&rh=n%3A976419031%2Cn%3A976420031%2Cn%3A1388921031%2Cp_6%3AA14CZOWI0VEHLG%2Cp_n_availability%3A1318485031%2Cp_72%3A1318478031%2Cp_n_feature_six_browse-bin%3A15564046031&dc&fst=as%3Aoff&qid=1599294897&rnid=15564019031&ref=sr_nr_p_n_feature_six_browse-bin_1 line 7 > injectedScript, line 1: Failed to create WebGL context: WebGL creation failed: 
* Can't use WebGL in headless mode (https://bugzil.la/1375585).
JavaScript warning: https://www.amazon.in/s?i=electronics&bbn=1388921031&rh=n%3A976419031%2Cn%3A976420031%2Cn%3A1388921031%2Cp_6%3AA14CZOWI0VEHLG%2Cp_n_availability%3A1318485031%2Cp_72%3A1318478031%2Cp_n_feature_six_browse-bin%3A15564046031&dc&fst=as%3Aoff&qid=1599294897&rnid=15564019031&ref=sr_nr_p_n_feature_six_browse-bin_1 line 7 > injectedScript, line 1: Failed to create WebGL context: WebGL creation failed: 
* Can't use WebGL in headless mode (https://bugzil.la/1375585).
1625898079864	geckodriver	INFO	Listening on 127.0.0.1:60680
1625898080754	mozrunner::runner	INFO	Running command: "/Applications/Firefox.app/Contents/MacOS/firefox-bin" "--marionette" "-headless" "-foreground" "-no-remote" "-profile" "/var/folders/wq/b328wy_d0fn5gkq1ydz67kvm0000gn/T/rust_mozprofilea2MH3f"
*** You are running in headless mode.
1625898081357	Marionette	INFO	Marionette enabled
console.warn: SearchSettings: "get: No settings file exists, new profile?" (new Error("", "(unknown module)"))
1625898083485	Marionette	INFO	Listening on port 60687
1625898083699	Marionette	WARN	TLS certificate errors will be ignored for this session
JavaScript warning: https://www.amazon.in/s?i=electronics&bbn=1388921031&rh=n%3A976419031%2Cn%3A976420031%2Cn%3A1388921031%2Cp_6%3AA14CZOWI0VEHLG%2Cp_n_availability%3A1318485031%2Cp_72%3A1318478031%2Cp_n_feature_six_browse-bin%3A15564046031&dc&fst=as%3Aoff&qid=1599294897&rnid=15564019031&ref=sr_nr_p_n_feature_six_browse-bin_1 line 7 > injectedScript, line 1: Failed to create WebGL context: WebGL creation failed: 
* Can't use WebGL in headless mode (https://bugzil.la/1375585).
JavaScript warning: https://www.amazon.in/s?i=electronics&bbn=1388921031&rh=n%3A976419031%2Cn%3A976420031%2Cn%3A1388921031%2Cp_6%3AA14CZOWI0VEHLG%2Cp_n_availability%3A1318485031%2Cp_72%3A1318478031%2Cp_n_feature_six_browse-bin%3A15564046031&dc&fst=as%3Aoff&qid=1599294897&rnid=15564019031&ref=sr_nr_p_n_feature_six_browse-bin_1 line 7 > injectedScript, line 1: Failed to create WebGL context: WebGL creation failed: 
* Can't use WebGL in headless mode (https://bugzil.la/1375585).
1625898113078	geckodriver	INFO	Listening on 127.0.0.1:60832
1625898113091	mozrunner::runner	INFO	Running command: "/Applications/Firefox.app/Contents/MacOS/firefox-bin" "--marionette" "-headless" "-foreground" "-no-remote" "-profile" "/var/folders/wq/b328wy_d0fn5gkq1ydz67kvm0000gn/T/rust_mozprofileORHzqU"
*** You are running in headless mode.
1625898113599	Marionette	INFO	Marionette enabled
console.warn: SearchSettings: "get: No settings file exists, new profile?" (new Error("", "(unknown module)"))
1625898115464	Marionette	INFO	Listening on port 60837
1625898115628	Marionette	WARN	TLS certificate errors will be ignored for this session
JavaScript warning: https://www.amazon.in/s?i=electronics&bbn=1388921031&rh=n%3A976419031%2Cn%3A976420031%2Cn%3A1388921031%2Cp_6%3AA14CZOWI0VEHLG%2Cp_n_availability%3A1318485031%2Cp_72%3A1318478031%2Cp_n_feature_six_browse-bin%3A15564046031&dc&fst=as%3Aoff&qid=1599294897&rnid=15564019031&ref=sr_nr_p_n_feature_six_browse-bin_1 line 7 > injectedScript, line 1: Failed to create WebGL context: WebGL creation failed: 
* Can't use WebGL in headless mode (https://bugzil.la/1375585).
JavaScript warning: https://www.amazon.in/s?i=electronics&bbn=1388921031&rh=n%3A976419031%2Cn%3A976420031%2Cn%3A1388921031%2Cp_6%3AA14CZOWI0VEHLG%2Cp_n_availability%3A1318485031%2Cp_72%3A1318478031%2Cp_n_feature_six_browse-bin%3A15564046031&dc&fst=as%3Aoff&qid=1599294897&rnid=15564019031&ref=sr_nr_p_n_feature_six_browse-bin_1 line 7 > injectedScript, line 1: Failed to create WebGL context: WebGL creation failed: 
* Can't use WebGL in headless mode (https://bugzil.la/1375585).
